# JRE version: OpenJDK Runtime Environment (8.0_91-b14) (build 1.8.0_91-8u91-b14-3ubuntu1~16.04.1-b14)
# Java VM: OpenJDK 64-Bit Server VM (25.91-b14 mixed mode linux-amd64 compressed oops)
Heap:
 PSYoungGen      total 122368K, used 104006K [0x00000000d6f00000, 0x00000000df000000, 0x0000000100000000)
  eden space 114688K, 90% used [0x00000000d6f00000,0x00000000dd3d9a10,0x00000000ddf00000)
  from space 7680K, 9% used [0x00000000de680000,0x00000000de738000,0x00000000dee00000)
  to   space 7680K, 0% used [0x00000000ddf00000,0x00000000ddf00000,0x00000000de680000)
 ParOldGen       total 41472K, used 7409K [0x0000000084c00000, 0x0000000087480000, 0x00000000d6f00000)
  object space 41472K, 17% used [0x0000000084c00000,0x000000008533c688,0x0000000087480000)
 Metaspace       used 23292K, capacity 24096K, committed 24192K, reserved 1071104K
  class space    used 2968K, capacity 3193K, committed 3200K, reserved 1048576K
GC Heap History (10 events):
Event: 43.659 GC heap before
{Heap before GC invocations=5 (full 1):
 PSYoungGen      total 36864K, used 31744K [0x00000000d6f00000, 0x00000000db700000, 0x0000000100000000)
  eden space 31744K, 100% used [0x00000000d6f00000,0x00000000d8e00000,0x00000000d8e00000)
  from space 5120K, 0% used [0x00000000d8e00000,0x00000000d8e00000,0x00000000d9300000)
  to   space 5120K, 0% used [0x00000000db200000,0x00000000db200000,0x00000000db700000)
 ParOldGen       total 41472K, used 6471K [0x0000000084c00000, 0x0000000087480000, 0x00000000d6f00000)
  object space 41472K, 15% used [0x0000000084c00000,0x0000000085251d68,0x0000000087480000)
 Metaspace       used 22396K, capacity 23144K, committed 23168K, reserved 1069056K
  class space    used 2951K, capacity 3181K, committed 3200K, reserved 1048576K
Event: 43.668 GC heap after
Heap after GC invocations=5 (full 1):
 PSYoungGen      total 66560K, used 1280K [0x00000000d6f00000, 0x00000000db600000, 0x0000000100000000)
  eden space 62464K, 0% used [0x00000000d6f00000,0x00000000d6f00000,0x00000000dac00000)
  from space 4096K, 31% used [0x00000000db200000,0x00000000db340000,0x00000000db600000)
  to   space 5120K, 0% used [0x00000000dac00000,0x00000000dac00000,0x00000000db100000)
 ParOldGen       total 41472K, used 6479K [0x0000000084c00000, 0x0000000087480000, 0x00000000d6f00000)
  object space 41472K, 15% used [0x0000000084c00000,0x0000000085253d68,0x0000000087480000)
 Metaspace       used 22396K, capacity 23144K, committed 23168K, reserved 1069056K
  class space    used 2951K, capacity 3181K, committed 3200K, reserved 1048576K
}
Event: 51.970 GC heap before
{Heap before GC invocations=6 (full 1):
 PSYoungGen      total 66560K, used 63744K [0x00000000d6f00000, 0x00000000db600000, 0x0000000100000000)
  eden space 62464K, 100% used [0x00000000d6f00000,0x00000000dac00000,0x00000000dac00000)
  from space 4096K, 31% used [0x00000000db200000,0x00000000db340000,0x00000000db600000)
  to   space 5120K, 0% used [0x00000000dac00000,0x00000000dac00000,0x00000000db100000)
 ParOldGen       total 41472K, used 6479K [0x0000000084c00000, 0x0000000087480000, 0x00000000d6f00000)
  object space 41472K, 15% used [0x0000000084c00000,0x0000000085253d68,0x0000000087480000)
 Metaspace       used 22762K, capacity 23592K, committed 23680K, reserved 1069056K
  class space    used 2952K, capacity 3181K, committed 3200K, reserved 1048576K
Event: 51.977 GC heap after
Heap after GC invocations=6 (full 1):
 PSYoungGen      total 67584K, used 1426K [0x00000000d6f00000, 0x00000000df580000, 0x0000000100000000)
  eden space 62464K, 0% used [0x00000000d6f00000,0x00000000d6f00000,0x00000000dac00000)
  from space 5120K, 27% used [0x00000000dac00000,0x00000000dad64820,0x00000000db100000)
  to   space 8192K, 0% used [0x00000000ded80000,0x00000000ded80000,0x00000000df580000)
 ParOldGen       total 41472K, used 6487K [0x0000000084c00000, 0x0000000087480000, 0x00000000d6f00000)
  object space 41472K, 15% used [0x0000000084c00000,0x0000000085255d68,0x0000000087480000)
 Metaspace       used 22762K, capacity 23592K, committed 23680K, reserved 1069056K
  class space    used 2952K, capacity 3181K, committed 3200K, reserved 1048576K
}
Event: 55.920 GC heap before
{Heap before GC invocations=7 (full 1):
 PSYoungGen      total 67584K, used 63890K [0x00000000d6f00000, 0x00000000df580000, 0x0000000100000000)
  eden space 62464K, 100% used [0x00000000d6f00000,0x00000000dac00000,0x00000000dac00000)
  from space 5120K, 27% used [0x00000000dac00000,0x00000000dad64820,0x00000000db100000)
  to   space 8192K, 0% used [0x00000000ded80000,0x00000000ded80000,0x00000000df580000)
 ParOldGen       total 41472K, used 6487K [0x0000000084c00000, 0x0000000087480000, 0x00000000d6f00000)
  object space 41472K, 15% used [0x0000000084c00000,0x0000000085255d68,0x0000000087480000)
 Metaspace       used 22877K, capacity 23656K, committed 23680K, reserved 1069056K
  class space    used 2952K, capacity 3181K, committed 3200K, reserved 1048576K
Event: 55.926 GC heap after
Heap after GC invocations=7 (full 1):
 PSYoungGen      total 62976K, used 1554K [0x00000000d6f00000, 0x00000000def80000, 0x0000000100000000)
  eden space 60928K, 0% used [0x00000000d6f00000,0x00000000d6f00000,0x00000000daa80000)
  from space 2048K, 75% used [0x00000000ded80000,0x00000000def04820,0x00000000def80000)
  to   space 8192K, 0% used [0x00000000ddf80000,0x00000000ddf80000,0x00000000de780000)
 ParOldGen       total 41472K, used 6495K [0x0000000084c00000, 0x0000000087480000, 0x00000000d6f00000)
  object space 41472K, 15% used [0x0000000084c00000,0x0000000085257d68,0x0000000087480000)
 Metaspace       used 22877K, capacity 23656K, committed 23680K, reserved 1069056K
  class space    used 2952K, capacity 3181K, committed 3200K, reserved 1048576K
}
Event: 56.705 GC heap before
{Heap before GC invocations=8 (full 1):
 PSYoungGen      total 62976K, used 62482K [0x00000000d6f00000, 0x00000000def80000, 0x0000000100000000)
  eden space 60928K, 100% used [0x00000000d6f00000,0x00000000daa80000,0x00000000daa80000)
  from space 2048K, 75% used [0x00000000ded80000,0x00000000def04820,0x00000000def80000)
  to   space 8192K, 0% used [0x00000000ddf80000,0x00000000ddf80000,0x00000000de780000)
 ParOldGen       total 41472K, used 6495K [0x0000000084c00000, 0x0000000087480000, 0x00000000d6f00000)
  object space 41472K, 15% used [0x0000000084c00000,0x0000000085257d68,0x0000000087480000)
 Metaspace       used 22888K, capacity 23656K, committed 23680K, reserved 1069056K
  class space    used 2952K, capacity 3181K, committed 3200K, reserved 1048576K
Event: 56.711 GC heap after
Heap after GC invocations=8 (full 1):
 PSYoungGen      total 61440K, used 1650K [0x00000000d6f00000, 0x00000000dee00000, 0x0000000100000000)
  eden space 59392K, 0% used [0x00000000d6f00000,0x00000000d6f00000,0x00000000da900000)
  from space 2048K, 80% used [0x00000000ddf80000,0x00000000de11c820,0x00000000de180000)
  to   space 7680K, 0% used [0x00000000de680000,0x00000000de680000,0x00000000dee00000)
 ParOldGen       total 41472K, used 6503K [0x0000000084c00000, 0x0000000087480000, 0x00000000d6f00000)
  object space 41472K, 15% used [0x0000000084c00000,0x0000000085259d68,0x0000000087480000)
 Metaspace       used 22888K, capacity 23656K, committed 23680K, reserved 1069056K
  class space    used 2952K, capacity 3181K, committed 3200K, reserved 1048576K
}
Event: 57.442 GC heap before
{Heap before GC invocations=9 (full 1):
 PSYoungGen      total 61440K, used 61042K [0x00000000d6f00000, 0x00000000dee00000, 0x0000000100000000)
  eden space 59392K, 100% used [0x00000000d6f00000,0x00000000da900000,0x00000000da900000)
  from space 2048K, 80% used [0x00000000ddf80000,0x00000000de11c820,0x00000000de180000)
  to   space 7680K, 0% used [0x00000000de680000,0x00000000de680000,0x00000000dee00000)
 ParOldGen       total 41472K, used 6503K [0x0000000084c00000, 0x0000000087480000, 0x00000000d6f00000)
  object space 41472K, 15% used [0x0000000084c00000,0x0000000085259d68,0x0000000087480000)
 Metaspace       used 22897K, capacity 23656K, committed 23680K, reserved 1069056K
  class space    used 2952K, capacity 3181K, committed 3200K, reserved 1048576K
Event: 57.476 GC heap after
Heap after GC invocations=9 (full 1):
 PSYoungGen      total 122368K, used 736K [0x00000000d6f00000, 0x00000000df000000, 0x0000000100000000)
  eden space 114688K, 0% used [0x00000000d6f00000,0x00000000d6f00000,0x00000000ddf00000)
  from space 7680K, 9% used [0x00000000de680000,0x00000000de738000,0x00000000dee00000)
  to   space 7680K, 0% used [0x00000000ddf00000,0x00000000ddf00000,0x00000000de680000)
 ParOldGen       total 41472K, used 7409K [0x0000000084c00000, 0x0000000087480000, 0x00000000d6f00000)
  object space 41472K, 17% used [0x0000000084c00000,0x000000008533c688,0x0000000087480000)
 Metaspace       used 22897K, capacity 23656K, committed 23680K, reserved 1069056K
  class space    used 2952K, capacity 3181K, committed 3200K, reserved 1048576K
}

